<?xml version="1.0" encoding="UTF-8"?>
<testng-results total="1" passed="1" failed="0" skipped="0">
  <reporter-output>
  </reporter-output>
  <suite started-at="2024-08-02T08:08:56Z" name="Default suite" finished-at="2024-08-02T08:08:57Z" duration-ms="1574">
    <groups>
    </groups>
    <test started-at="2024-08-02T08:08:56Z" name="Default test" finished-at="2024-08-02T08:08:57Z" duration-ms="1574">
      <class name="com.sddevops.Selenium_SMS.NewTest_SMS">
        <test-method is-config="true" signature="beforeTest()[pri:0, instance:com.sddevops.Selenium_SMS.NewTest_SMS@648c94da]" started-at="2024-08-02T16:08:56Z" name="beforeTest" finished-at="2024-08-02T16:08:57Z" duration-ms="1245" status="PASS">
          <reporter-output>
          </reporter-output>
        </test-method> <!-- beforeTest -->
        <test-method signature="checkTitle()[pri:0, instance:com.sddevops.Selenium_SMS.NewTest_SMS@648c94da]" started-at="2024-08-02T16:08:57Z" name="checkTitle" finished-at="2024-08-02T16:08:57Z" duration-ms="205" status="PASS">
          <reporter-output>
          </reporter-output>
        </test-method> <!-- checkTitle -->
        <test-method is-config="true" signature="afterTest()[pri:0, instance:com.sddevops.Selenium_SMS.NewTest_SMS@648c94da]" started-at="2024-08-02T16:08:57Z" name="afterTest" finished-at="2024-08-02T16:08:57Z" duration-ms="107" status="PASS">
          <reporter-output>
          </reporter-output>
        </test-method> <!-- afterTest -->
      </class> <!-- com.sddevops.Selenium_SMS.NewTest_SMS -->
    </test> <!-- Default test -->
  </suite> <!-- Default suite -->
</testng-results>
